[RUN #0 10 5]
318 -82 882 774 11 -339 303 -678 -537 -795
544 -862 651 -708 94 852 -791 -464 690 -215
-317 -480 785 262 3 589 915 25 748 -910
67 158 -149 -989 234 967 -541 -12 -314 85
-327 588 -779 -699 556 221 -809 849 752 -838
[RUN #1 1 5]
436
435
-402
671
861
[RUN #2 2 5]
-541 -986
780 333
417 -711
-855 -547
669 -14
[RUN #3 3 5]
-527 -9 196
574 65 348
184 -983 476
-957 -571 386
535 275 617
[RUN #4 3 5]
884 700 312
528 525 392
972 13 -658
476 730 -577
170 300 -741
[RUN #5 4 5]
-883 872 -909 587
-97 457 -698 736
716 -902 -393 -72
-982 130 86 717
189 763 -612 -584
